<?xml version="1.0" encoding="UTF-8"?>
<!-- Generated by org.testng.reporters.JUnitXMLReporter -->
<testsuite ignored="2" hostname="DESKTOP-EBT47LB" failures="0" tests="3" name="Default test" time="8.964" errors="0" timestamp="2020-07-27T09:10:14 CEST">
  <testcase classname="Projet_CAIT.Webdriver_Admin_HRM.TestNG" name="Connexion" time="2.99"/>
  <testcase classname="Projet_CAIT.Webdriver_Admin_HRM.TestNG" name="AjouterTitre" time="3.333"/>
  <testcase classname="Projet_CAIT.Webdriver_Admin_HRM.TestNG" name="AjouterTitre" time="2.56"/>
  <testcase classname="Projet_CAIT.Webdriver_Admin_HRM.TestNG" name="SupprimerTitre" time="0.0">
    <ignored/>
  </testcase> <!-- SupprimerTitre -->
  <testcase classname="Projet_CAIT.Webdriver_Admin_HRM.TestNG" name="AjouterUtilisateurAdminActif" time="0.0">
    <ignored/>
  </testcase> <!-- AjouterUtilisateurAdminActif -->
</testsuite> <!-- Default test -->
