<?xml version="1.0" encoding="UTF-8"?>
<!-- Generated by org.testng.reporters.JUnitXMLReporter -->
<testsuite ignored="0" hostname="DESKTOP-EBT47LB" failures="0" tests="3" name="Default test" time="9.508" errors="0" timestamp="2020-07-25T23:43:38 CEST">
  <testcase classname="Projet_CAIT.Webdriver_Admin_HRM.TestNG" name="Connexion" time="3.655"/>
  <testcase classname="Projet_CAIT.Webdriver_Admin_HRM.TestNG" name="AjouterTitre" time="4.162"/>
  <testcase classname="Projet_CAIT.Webdriver_Admin_HRM.TestNG" name="Deconnexion" time="1.156"/>
</testsuite> <!-- Default test -->
