<?xml version="1.0" encoding="UTF-8"?>
<!-- Generated by org.testng.reporters.JUnitXMLReporter -->
<testsuite ignored="4" hostname="DESKTOP-EBT47LB" failures="0" tests="4" name="Test1" time="11.39" errors="0" timestamp="2020-07-28T14:34:42 CEST">
  <testcase classname="Projet_CAIT.Webdriver_Admin_HRM.TestSuite" name="Connexion" time="3.948"/>
  <testcase classname="Projet_CAIT.Webdriver_Admin_HRM.TestSuite" name="AjouterTitre" time="2.908"/>
  <testcase classname="Projet_CAIT.Webdriver_Admin_HRM.TestSuite" name="AjouterTitre" time="2.282"/>
  <testcase classname="Projet_CAIT.Webdriver_Admin_HRM.TestSuite" name="AjouterTitre" time="2.192"/>
  <testcase classname="Projet_CAIT.Webdriver_Admin_HRM.TestSuite" name="SupprimerStatut" time="0.0">
    <ignored/>
  </testcase> <!-- SupprimerStatut -->
  <testcase classname="Projet_CAIT.Webdriver_Admin_HRM.TestSuite" name="AjouterStatutEmploi" time="0.0">
    <ignored/>
  </testcase> <!-- AjouterStatutEmploi -->
  <testcase classname="Projet_CAIT.Webdriver_Admin_HRM.TestSuite" name="AjouterUtilisateurAdminActif" time="0.0">
    <ignored/>
  </testcase> <!-- AjouterUtilisateurAdminActif -->
  <testcase classname="Projet_CAIT.Webdriver_Admin_HRM.TestSuite" name="SupprimerTitre" time="0.0">
    <ignored/>
  </testcase> <!-- SupprimerTitre -->
</testsuite> <!-- Test1 -->
