<?xml version="1.0" encoding="UTF-8"?>
<!-- Generated by org.testng.reporters.JUnitXMLReporter -->
<testsuite ignored="0" hostname="DESKTOP-EBT47LB" failures="1" tests="1" name="Test2" time="0.008" errors="0" timestamp="2020-07-27T12:30:46 CEST">
  <testcase classname="Projet_CAIT.Webdriver_Admin_HRM.AjouterUtilisateurAdminActif_TC" name="AjouterUtilisateurAdminActif" time="0.002">
    <failure type="java.lang.NullPointerException">
      <![CDATA[java.lang.NullPointerException
at Projet_CAIT.Webdriver_Admin_HRM.AjouterUtilisateurAdminActif_TC.AjouterUtilisateurAdminActif(AjouterUtilisateurAdminActif_TC.java:31)
at java.base/java.util.ArrayList.forEach(ArrayList.java:1540)
... Removed 27 stack frames]]>
    </failure>
  </testcase> <!-- AjouterUtilisateurAdminActif -->
</testsuite> <!-- Test2 -->
