<?xml version="1.0" encoding="UTF-8"?>
<!-- Generated by org.testng.reporters.JUnitXMLReporter -->
<testsuite ignored="3" hostname="DESKTOP-EBT47LB" failures="0" tests="5" name="Test1" time="19.711" errors="0" timestamp="2020-07-28T03:59:38 CEST">
  <testcase classname="Projet_CAIT.Webdriver_Admin_HRM.TestNG" name="Connexion" time="6.464"/>
  <testcase classname="Projet_CAIT.Webdriver_Admin_HRM.TestNG" name="AjouterStatutEmploi" time="6.733"/>
  <testcase classname="Projet_CAIT.Webdriver_Admin_HRM.TestNG" name="AjouterStatutEmploi" time="2.89"/>
  <testcase classname="Projet_CAIT.Webdriver_Admin_HRM.TestNG" name="AjouterStatutEmploi" time="2.664"/>
  <testcase classname="Projet_CAIT.Webdriver_Admin_HRM.TestNG" name="SupprimerStatut" time="0.893"/>
  <testcase classname="Projet_CAIT.Webdriver_Admin_HRM.TestNG" name="AjouterTitre" time="0.0">
    <ignored/>
  </testcase> <!-- AjouterTitre -->
  <testcase classname="Projet_CAIT.Webdriver_Admin_HRM.TestNG" name="SupprimerTitre" time="0.0">
    <ignored/>
  </testcase> <!-- SupprimerTitre -->
  <testcase classname="Projet_CAIT.Webdriver_Admin_HRM.TestNG" name="AjouterUtilisateurAdminActif" time="0.0">
    <ignored/>
  </testcase> <!-- AjouterUtilisateurAdminActif -->
</testsuite> <!-- Test1 -->
