<?xml version="1.0" encoding="UTF-8"?>
<testng-results ignored="4" total="6" passed="2" failed="0" skipped="0">
  <reporter-output>
  </reporter-output>
  <suite started-at="2020-07-27T18:35:38 CEST" name="Default suite" finished-at="2020-07-27T18:35:56 CEST" duration-ms="17889">
    <groups>
    </groups>
    <test started-at="2020-07-27T18:35:38 CEST" name="Default test" finished-at="2020-07-27T18:35:56 CEST" duration-ms="17889">
      <class name="Projet_CAIT.Webdriver_Admin_HRM.TestNG">
        <test-method is-config="true" signature="OpenBrowser()[pri:0, instance:Projet_CAIT.Webdriver_Admin_HRM.TestNG@78e117e3]" started-at="2020-07-27T18:35:30 CEST" name="OpenBrowser" finished-at="2020-07-27T18:35:38 CEST" duration-ms="8283" status="PASS">
          <reporter-output>
          </reporter-output>
        </test-method> <!-- OpenBrowser -->
        <test-method signature="Connexion()[pri:0, instance:Projet_CAIT.Webdriver_Admin_HRM.TestNG@78e117e3]" started-at="2020-07-27T18:35:38 CEST" name="Connexion" finished-at="2020-07-27T18:35:40 CEST" duration-ms="1999" status="PASS">
          <reporter-output>
          </reporter-output>
        </test-method> <!-- Connexion -->
        <test-method signature="AjouterUtilisateurAdminActif()[pri:1, instance:Projet_CAIT.Webdriver_Admin_HRM.TestNG@78e117e3]" started-at="2020-07-27T18:35:40 CEST" name="AjouterUtilisateurAdminActif" finished-at="2020-07-27T18:35:56 CEST" depends-on-methods="Projet_CAIT.Webdriver_Admin_HRM.TestNG.Connexion" duration-ms="15834" status="PASS">
          <reporter-output>
          </reporter-output>
        </test-method> <!-- AjouterUtilisateurAdminActif -->
      </class> <!-- Projet_CAIT.Webdriver_Admin_HRM.TestNG -->
    </test> <!-- Default test -->
  </suite> <!-- Default suite -->
</testng-results>
