<?xml version="1.0" encoding="UTF-8"?>
<testng-results ignored="1" total="4" passed="3" failed="0" skipped="0">
  <reporter-output>
  </reporter-output>
  <suite started-at="2020-07-27T03:34:27 CEST" name="Default suite" finished-at="2020-07-27T03:34:43 CEST" duration-ms="15601">
    <groups>
    </groups>
    <test started-at="2020-07-27T03:34:27 CEST" name="Default test" finished-at="2020-07-27T03:34:43 CEST" duration-ms="15601">
      <class name="Projet_CAIT.Webdriver_Admin_HRM.TestNG">
        <test-method is-config="true" signature="OpenBrowser()[pri:0, instance:Projet_CAIT.Webdriver_Admin_HRM.TestNG@1677d1]" started-at="2020-07-27T03:34:18 CEST" name="OpenBrowser" finished-at="2020-07-27T03:34:27 CEST" duration-ms="9277" status="PASS">
          <reporter-output>
          </reporter-output>
        </test-method> <!-- OpenBrowser -->
        <test-method signature="Connexion()[pri:0, instance:Projet_CAIT.Webdriver_Admin_HRM.TestNG@1677d1]" started-at="2020-07-27T03:34:28 CEST" name="Connexion" finished-at="2020-07-27T03:34:31 CEST" duration-ms="3185" status="PASS">
          <reporter-output>
          </reporter-output>
        </test-method> <!-- Connexion -->
        <test-method signature="AjouterUtilisateurAdminActif()[pri:1, instance:Projet_CAIT.Webdriver_Admin_HRM.TestNG@1677d1]" started-at="2020-07-27T03:34:31 CEST" name="AjouterUtilisateurAdminActif" finished-at="2020-07-27T03:34:39 CEST" depends-on-methods="Projet_CAIT.Webdriver_Admin_HRM.TestNG.Connexion" duration-ms="8414" status="PASS">
          <reporter-output>
          </reporter-output>
        </test-method> <!-- AjouterUtilisateurAdminActif -->
        <test-method signature="AjouterTitre()[pri:2, instance:Projet_CAIT.Webdriver_Admin_HRM.TestNG@1677d1]" started-at="2020-07-27T03:34:39 CEST" name="AjouterTitre" finished-at="2020-07-27T03:34:43 CEST" depends-on-methods="Projet_CAIT.Webdriver_Admin_HRM.TestNG.Connexion" duration-ms="3904" status="PASS">
          <reporter-output>
          </reporter-output>
        </test-method> <!-- AjouterTitre -->
      </class> <!-- Projet_CAIT.Webdriver_Admin_HRM.TestNG -->
    </test> <!-- Default test -->
  </suite> <!-- Default suite -->
</testng-results>
